<?xml version="1.0" encoding="UTF-8"?>
<!-- Generated by org.testng.reporters.JUnitReportReporter -->
<testsuite hostname="AmolArti" name="testing.NewTest" tests="1" failures="0" timestamp="21 Feb 2020 09:59:58 GMT" time="0.016" errors="0">
  <testcase name="f" time="0.016" classname="testing.NewTest"/>
</testsuite> <!-- testing.NewTest -->
